<?xml version="1.0" encoding="UTF-8"?>
<!-- Generated by org.testng.reporters.JUnitReportReporter -->
<testsuite hostname="Ela" failures="0" tests="30" name="testRunner.TestRunner" time="1124.462" errors="0" timestamp="2025-06-28T04:19:43 CDT" skipped="0">
  <testcase classname="testRunner.TestRunner" name="runScenario" time="23.517"/>
  <testcase classname="testRunner.TestRunner" name="runScenario" time="57.494"/>
  <testcase classname="testRunner.TestRunner" name="runScenario" time="32.584"/>
  <testcase classname="testRunner.TestRunner" name="runScenario" time="56.274"/>
  <testcase classname="testRunner.TestRunner" name="runScenario" time="29.694"/>
  <testcase classname="testRunner.TestRunner" name="runScenario" time="23.931"/>
  <testcase classname="testRunner.TestRunner" name="runScenario" time="24.156"/>
  <testcase classname="testRunner.TestRunner" name="runScenario" time="32.569"/>
  <testcase classname="testRunner.TestRunner" name="runScenario" time="23.994"/>
  <testcase classname="testRunner.TestRunner" name="runScenario" time="24.023"/>
  <testcase classname="testRunner.TestRunner" name="runScenario" time="56.256"/>
  <testcase classname="testRunner.TestRunner" name="runScenario" time="23.953"/>
  <testcase classname="testRunner.TestRunner" name="runScenario" time="56.243"/>
  <testcase classname="testRunner.TestRunner" name="runScenario" time="32.319"/>
  <testcase classname="testRunner.TestRunner" name="runScenario" time="57.302"/>
  <testcase classname="testRunner.TestRunner" name="runScenario" time="23.907"/>
  <testcase classname="testRunner.TestRunner" name="runScenario" time="56.233"/>
  <testcase classname="testRunner.TestRunner" name="runScenario" time="23.990"/>
  <testcase classname="testRunner.TestRunner" name="runScenario" time="32.299"/>
  <testcase classname="testRunner.TestRunner" name="runScenario" time="32.404"/>
  <testcase classname="testRunner.TestRunner" name="runScenario" time="56.493"/>
  <testcase classname="testRunner.TestRunner" name="runScenario" time="23.869"/>
  <testcase classname="testRunner.TestRunner" name="runScenario" time="56.263"/>
  <testcase classname="testRunner.TestRunner" name="runScenario" time="33.035"/>
  <testcase classname="testRunner.TestRunner" name="runScenario" time="23.920"/>
  <testcase classname="testRunner.TestRunner" name="runScenario" time="29.989"/>
  <testcase classname="testRunner.TestRunner" name="runScenario" time="33.201"/>
  <testcase classname="testRunner.TestRunner" name="runScenario" time="55.797"/>
  <testcase classname="testRunner.TestRunner" name="runScenario" time="55.950"/>
  <testcase classname="testRunner.TestRunner" name="runScenario" time="32.803"/>
</testsuite> <!-- testRunner.TestRunner -->
